<?xml version="1.0" encoding="UTF-8"?>
<testng-results skipped="0" failed="0" ignored="0" total="1" passed="1">
  <reporter-output>
  </reporter-output>
  <suite name="GroupsTesting" duration-ms="78" started-at="2018-07-19T10:54:10Z" finished-at="2018-07-19T10:54:10Z">
    <groups>
    </groups>
    <test name="Groups" duration-ms="78" started-at="2018-07-19T10:54:10Z" finished-at="2018-07-19T10:54:10Z">
      <class name="Maven.Maven.MavenEx">
        <test-method status="PASS" signature="B4()[pri:0, instance:Maven.Maven.MavenEx@1e7c7811]" name="B4" duration-ms="15" started-at="2018-07-19T10:54:10Z" finished-at="2018-07-19T10:54:10Z">
          <reporter-output>
          </reporter-output>
        </test-method> <!-- B4 -->
      </class> <!-- Maven.Maven.MavenEx -->
    </test> <!-- Groups -->
  </suite> <!-- GroupsTesting -->
</testng-results>
