<?xml version="1.0" encoding="UTF-8"?>
<!-- Generated by org.testng.reporters.JUnitXMLReporter -->
<testsuite hostname="user-PC" ignored="0" name="groups" tests="17" failures="0" timestamp="12 Jul 2018 12:19:36 GMT" time="0.141" errors="0">
  <testcase name="m3" time="0.001" classname="Package1.TestAnnotationsEx"/>
  <testcase name="m4" time="0.0" classname="Package1.TestAnnotationsEx"/>
  <testcase name="m5" time="0.0" classname="Package1.TestAnnotationEx2"/>
  <testcase name="m6" time="0.0" classname="Package1.TestAnnotationEx2"/>
  <testcase name="m7" time="0.0" classname="Package1.TestAnnotationEx2"/>
  <testcase name="m8" time="0.0" classname="Package1.TestAnnotationEx2"/>
  <testcase name="m9" time="0.0" classname="Package1.TestAnnotationEx2"/>
  <testcase name="addition" time="0.015" classname="Package1.DataProviderEx1"/>
  <testcase name="addition" time="0.0" classname="Package1.DataProviderEx1"/>
  <testcase name="addition" time="0.016" classname="Package1.DataProviderEx1"/>
  <testcase name="addition" time="0.0" classname="Package1.DataProviderEx1"/>
  <testcase name="addition" time="0.0" classname="Package1.DataProvider"/>
  <testcase name="addition" time="0.0" classname="Package1.DataProvider"/>
  <testcase name="addition" time="0.0" classname="Package1.DataProvider"/>
  <testcase name="addition" time="0.0" classname="Package1.DataProvider"/>
  <testcase name="m2" time="0.0" classname="Package1.TestAnnotationsEx"/>
  <testcase name="m1" time="0.0" classname="Package1.TestAnnotationsEx"/>
</testsuite> <!-- groups -->
